[0217/200222.647:INFO:CONSOLE(7)] "Another connection wants to delete database 'wawc'. Closing db now to resume the delete request.", source: https://web.whatsapp.com/vendor1~app.0c8e960e5dfd7020f562.js (7)
[0217/200300.189:INFO:CONSOLE(1)] "Uncaught (in promise) TypeError: Failed to execute 'put' on 'Cache': Partial response (status code 206) is unsupported", source: https://web.whatsapp.com/serviceworker.js (1)
[0217/200300.247:INFO:CONSOLE(1)] "Uncaught (in promise) TypeError: Failed to execute 'put' on 'Cache': Partial response (status code 206) is unsupported", source: https://web.whatsapp.com/serviceworker.js (1)
[0217/204157.562:ERROR:cache_util_win.cc(20)] Unable to move the cache: Access is denied. (0x5)
[0217/204157.562:ERROR:cache_util.cc(146)] Unable to move cache folder C:\Users\Cross\Desktop\WhatsappBot\.wwebjs_auth\session\Default\GPUCache to C:\Users\Cross\Desktop\WhatsappBot\.wwebjs_auth\session\Default\old_GPUCache_000
[0217/204157.562:ERROR:disk_cache.cc(192)] Unable to create cache
[0217/204157.562:ERROR:shader_disk_cache.cc(612)] Shader Cache Creation failed: -2
[0217/204159.584:ERROR:cache_util_win.cc(20)] Unable to move the cache: Access is denied. (0x5)
[0217/204159.584:ERROR:cache_util.cc(146)] Unable to move cache folder C:\Users\Cross\Desktop\WhatsappBot\.wwebjs_auth\session\Default\Cache\Cache_Data to C:\Users\Cross\Desktop\WhatsappBot\.wwebjs_auth\session\Default\Cache\old_Cache_Data_000
[0217/204159.584:ERROR:disk_cache.cc(192)] Unable to create cache
[0217/204200.582:ERROR:service_worker_storage.cc(1904)] Failed to delete the database: Database IO error
[0217/204206.045:ERROR:quota_database.cc(823)] Could not open the quota database, resetting.
[0217/204208.960:ERROR:quota_database.cc(825)] Failed to reset the quota database.
[0217/204210.983:ERROR:sandbox_origin_database.cc(190)] SandboxOriginDatabase failed at: Init@storage/browser/file_system/sandbox_origin_database.cc:94 with error: IO error: C:\Users\Cross\Desktop\WhatsappBot\.wwebjs_auth\session\Default\File System\Origins/LOCK: File currently in use. (ChromeMethodBFE: 15::LockFile::2)
[0217/204210.983:WARNING:sandbox_origin_database.cc(106)] Attempting to repair SandboxOriginDatabase.
[0217/204215.056:WARNING:sandbox_origin_database.cc(140)] Failed to repair SandboxOriginDatabase.
[0217/204217.092:ERROR:sandbox_origin_database.cc(190)] SandboxOriginDatabase failed at: Init@storage/browser/file_system/sandbox_origin_database.cc:94 with error: IO error: C:\Users\Cross\Desktop\WhatsappBot\.wwebjs_auth\session\Default\File System\Origins/LOCK: File currently in use. (ChromeMethodBFE: 15::LockFile::2)
[0217/204217.092:WARNING:sandbox_origin_database.cc(106)] Attempting to repair SandboxOriginDatabase.
[0217/204221.123:WARNING:sandbox_origin_database.cc(140)] Failed to repair SandboxOriginDatabase.
[0217/204225.623:ERROR:cache_util_win.cc(20)] Unable to move the cache: Access is denied. (0x5)
[0217/204225.623:ERROR:cache_util.cc(146)] Unable to move cache folder C:\Users\Cross\Desktop\WhatsappBot\.wwebjs_auth\session\Default\GPUCache to C:\Users\Cross\Desktop\WhatsappBot\.wwebjs_auth\session\Default\old_GPUCache_000
[0217/204225.623:ERROR:disk_cache.cc(192)] Unable to create cache
[0217/204225.623:ERROR:shader_disk_cache.cc(612)] Shader Cache Creation failed: -2
[0217/204406.376:ERROR:cache_util_win.cc(20)] Unable to move the cache: Access is denied. (0x5)
[0217/204406.376:ERROR:cache_util.cc(146)] Unable to move cache folder C:\Users\Cross\Desktop\WhatsappBot\.wwebjs_auth\session\Default\GPUCache to C:\Users\Cross\Desktop\WhatsappBot\.wwebjs_auth\session\Default\old_GPUCache_000
[0217/204406.376:ERROR:disk_cache.cc(192)] Unable to create cache
[0217/204406.376:ERROR:shader_disk_cache.cc(612)] Shader Cache Creation failed: -2
[0217/204408.405:ERROR:cache_util_win.cc(20)] Unable to move the cache: Access is denied. (0x5)
[0217/204408.405:ERROR:cache_util.cc(146)] Unable to move cache folder C:\Users\Cross\Desktop\WhatsappBot\.wwebjs_auth\session\Default\Cache\Cache_Data to C:\Users\Cross\Desktop\WhatsappBot\.wwebjs_auth\session\Default\Cache\old_Cache_Data_000
[0217/204408.405:ERROR:disk_cache.cc(192)] Unable to create cache
[0217/204409.423:ERROR:service_worker_storage.cc(1904)] Failed to delete the database: Database IO error
[0217/204414.628:ERROR:quota_database.cc(823)] Could not open the quota database, resetting.
[0217/204417.525:ERROR:quota_database.cc(825)] Failed to reset the quota database.
[0217/204419.558:ERROR:sandbox_origin_database.cc(190)] SandboxOriginDatabase failed at: Init@storage/browser/file_system/sandbox_origin_database.cc:94 with error: IO error: C:\Users\Cross\Desktop\WhatsappBot\.wwebjs_auth\session\Default\File System\Origins/LOCK: File currently in use. (ChromeMethodBFE: 15::LockFile::2)
[0217/204419.558:WARNING:sandbox_origin_database.cc(106)] Attempting to repair SandboxOriginDatabase.
[0217/204423.610:WARNING:sandbox_origin_database.cc(140)] Failed to repair SandboxOriginDatabase.
[0217/204425.629:ERROR:sandbox_origin_database.cc(190)] SandboxOriginDatabase failed at: Init@storage/browser/file_system/sandbox_origin_database.cc:94 with error: IO error: C:\Users\Cross\Desktop\WhatsappBot\.wwebjs_auth\session\Default\File System\Origins/LOCK: File currently in use. (ChromeMethodBFE: 15::LockFile::2)
[0217/204425.629:WARNING:sandbox_origin_database.cc(106)] Attempting to repair SandboxOriginDatabase.
[0217/204429.684:WARNING:sandbox_origin_database.cc(140)] Failed to repair SandboxOriginDatabase.
[0217/204432.210:ERROR:cache_util_win.cc(20)] Unable to move the cache: Access is denied. (0x5)
[0217/204432.210:ERROR:cache_util.cc(146)] Unable to move cache folder C:\Users\Cross\Desktop\WhatsappBot\.wwebjs_auth\session\Default\GPUCache to C:\Users\Cross\Desktop\WhatsappBot\.wwebjs_auth\session\Default\old_GPUCache_000
[0217/204432.210:ERROR:disk_cache.cc(192)] Unable to create cache
[0217/204432.210:ERROR:shader_disk_cache.cc(612)] Shader Cache Creation failed: -2
[0217/205132.258:ERROR:cache_util_win.cc(20)] Unable to move the cache: Access is denied. (0x5)
[0217/205132.258:ERROR:cache_util.cc(146)] Unable to move cache folder C:\Users\Cross\Desktop\WhatsappBot\.wwebjs_auth\session\Default\GPUCache to C:\Users\Cross\Desktop\WhatsappBot\.wwebjs_auth\session\Default\old_GPUCache_000
[0217/205132.258:ERROR:disk_cache.cc(192)] Unable to create cache
[0217/205132.258:ERROR:shader_disk_cache.cc(612)] Shader Cache Creation failed: -2
[0217/205134.296:ERROR:cache_util_win.cc(20)] Unable to move the cache: Access is denied. (0x5)
[0217/205134.296:ERROR:cache_util.cc(146)] Unable to move cache folder C:\Users\Cross\Desktop\WhatsappBot\.wwebjs_auth\session\Default\Cache\Cache_Data to C:\Users\Cross\Desktop\WhatsappBot\.wwebjs_auth\session\Default\Cache\old_Cache_Data_000
[0217/205134.296:ERROR:disk_cache.cc(192)] Unable to create cache
[0217/205135.290:ERROR:service_worker_storage.cc(1904)] Failed to delete the database: Database IO error
[0217/205140.619:ERROR:quota_database.cc(823)] Could not open the quota database, resetting.
[0217/205143.500:ERROR:quota_database.cc(825)] Failed to reset the quota database.
[0217/205145.527:ERROR:sandbox_origin_database.cc(190)] SandboxOriginDatabase failed at: Init@storage/browser/file_system/sandbox_origin_database.cc:94 with error: IO error: C:\Users\Cross\Desktop\WhatsappBot\.wwebjs_auth\session\Default\File System\Origins/LOCK: File currently in use. (ChromeMethodBFE: 15::LockFile::2)
[0217/205145.527:WARNING:sandbox_origin_database.cc(106)] Attempting to repair SandboxOriginDatabase.
[0217/205149.575:WARNING:sandbox_origin_database.cc(140)] Failed to repair SandboxOriginDatabase.
[0217/205151.588:ERROR:sandbox_origin_database.cc(190)] SandboxOriginDatabase failed at: Init@storage/browser/file_system/sandbox_origin_database.cc:94 with error: IO error: C:\Users\Cross\Desktop\WhatsappBot\.wwebjs_auth\session\Default\File System\Origins/LOCK: File currently in use. (ChromeMethodBFE: 15::LockFile::2)
[0217/205151.588:WARNING:sandbox_origin_database.cc(106)] Attempting to repair SandboxOriginDatabase.
[0217/205155.625:WARNING:sandbox_origin_database.cc(140)] Failed to repair SandboxOriginDatabase.
[0217/205158.104:ERROR:cache_util_win.cc(20)] Unable to move the cache: Access is denied. (0x5)
[0217/205158.104:ERROR:cache_util.cc(146)] Unable to move cache folder C:\Users\Cross\Desktop\WhatsappBot\.wwebjs_auth\session\Default\GPUCache to C:\Users\Cross\Desktop\WhatsappBot\.wwebjs_auth\session\Default\old_GPUCache_000
[0217/205158.104:ERROR:disk_cache.cc(192)] Unable to create cache
[0217/205158.104:ERROR:shader_disk_cache.cc(612)] Shader Cache Creation failed: -2
[0217/211540.976:WARNING:dns_config_service_win.cc(509)] Failed to read DnsConfig.
[0217/211540.976:WARNING:dns_config_service_win.cc(509)] Failed to read DnsConfig.
[0217/211540.976:WARNING:dns_config_service_win.cc(509)] Failed to read DnsConfig.
[0217/211540.976:WARNING:dns_config_service_win.cc(509)] Failed to read DnsConfig.
[0217/211713.588:WARNING:dns_config_service_win.cc(509)] Failed to read DnsConfig.
[0217/211713.588:WARNING:dns_config_service_win.cc(509)] Failed to read DnsConfig.
[0217/211713.604:WARNING:dns_config_service_win.cc(509)] Failed to read DnsConfig.
[0217/211713.612:WARNING:dns_config_service_win.cc(509)] Failed to read DnsConfig.
[0217/211718.605:WARNING:dns_config_service_win.cc(509)] Failed to read DnsConfig.
[0217/211718.605:WARNING:dns_config_service_win.cc(509)] Failed to read DnsConfig.
[0217/211718.613:WARNING:dns_config_service_win.cc(509)] Failed to read DnsConfig.
[0217/211718.638:WARNING:dns_config_service_win.cc(509)] Failed to read DnsConfig.
[0217/211728.623:WARNING:dns_config_service_win.cc(509)] Failed to read DnsConfig.
[0217/211728.624:WARNING:dns_config_service_win.cc(509)] Failed to read DnsConfig.
[0217/211728.636:WARNING:dns_config_service_win.cc(509)] Failed to read DnsConfig.
[0217/211728.648:WARNING:dns_config_service_win.cc(509)] Failed to read DnsConfig.
[0217/211746.593:WARNING:dns_config_service_win.cc(509)] Failed to read DnsConfig.
[0217/211748.632:WARNING:dns_config_service_win.cc(509)] Failed to read DnsConfig.
[0217/211748.642:WARNING:dns_config_service_win.cc(509)] Failed to read DnsConfig.
[0217/211748.653:WARNING:dns_config_service_win.cc(509)] Failed to read DnsConfig.
[0217/211751.605:WARNING:dns_config_service_win.cc(509)] Failed to read DnsConfig.
[0217/211801.621:WARNING:dns_config_service_win.cc(509)] Failed to read DnsConfig.
[0217/211819.621:WARNING:dns_config_service_win.cc(509)] Failed to read DnsConfig.
[0217/211821.641:WARNING:dns_config_service_win.cc(509)] Failed to read DnsConfig.
[0217/211824.634:WARNING:dns_config_service_win.cc(509)] Failed to read DnsConfig.
[0217/211834.654:WARNING:dns_config_service_win.cc(509)] Failed to read DnsConfig.
[0217/211844.398:WARNING:dns_config_service_win.cc(509)] Failed to read DnsConfig.
[0217/211844.401:WARNING:dns_config_service_win.cc(509)] Failed to read DnsConfig.
[0217/211844.409:WARNING:dns_config_service_win.cc(509)] Failed to read DnsConfig.
[0217/211844.409:WARNING:dns_config_service_win.cc(509)] Failed to read DnsConfig.
[0217/211849.405:WARNING:dns_config_service_win.cc(509)] Failed to read DnsConfig.
[0217/211849.423:WARNING:dns_config_service_win.cc(509)] Failed to read DnsConfig.
[0217/211849.427:WARNING:dns_config_service_win.cc(509)] Failed to read DnsConfig.
[0217/211849.427:WARNING:dns_config_service_win.cc(509)] Failed to read DnsConfig.
[0217/211859.411:WARNING:dns_config_service_win.cc(509)] Failed to read DnsConfig.
[0217/211859.427:WARNING:dns_config_service_win.cc(509)] Failed to read DnsConfig.
[0217/211859.453:WARNING:dns_config_service_win.cc(509)] Failed to read DnsConfig.
[0217/211859.453:WARNING:dns_config_service_win.cc(509)] Failed to read DnsConfig.
[0217/211901.478:WARNING:dns_config_service_win.cc(509)] Failed to read DnsConfig.
[0217/211901.493:WARNING:dns_config_service_win.cc(509)] Failed to read DnsConfig.
[0217/211901.517:WARNING:dns_config_service_win.cc(509)] Failed to read DnsConfig.
[0217/211901.517:WARNING:dns_config_service_win.cc(509)] Failed to read DnsConfig.
[0217/211901.521:WARNING:dns_config_service_win.cc(509)] Failed to read DnsConfig.
[0217/211901.521:WARNING:dns_config_service_win.cc(509)] Failed to read DnsConfig.
[0217/211906.520:WARNING:dns_config_service_win.cc(509)] Failed to read DnsConfig.
[0217/211906.520:WARNING:dns_config_service_win.cc(509)] Failed to read DnsConfig.
[0217/211906.539:WARNING:dns_config_service_win.cc(509)] Failed to read DnsConfig.
[0217/211906.539:WARNING:dns_config_service_win.cc(509)] Failed to read DnsConfig.
[0217/211916.557:WARNING:dns_config_service_win.cc(509)] Failed to read DnsConfig.
[0217/211916.564:WARNING:dns_config_service_win.cc(509)] Failed to read DnsConfig.
[0217/211916.582:WARNING:dns_config_service_win.cc(509)] Failed to read DnsConfig.
[0217/211916.601:WARNING:dns_config_service_win.cc(509)] Failed to read DnsConfig.
[0217/211916.635:WARNING:dns_config_service_win.cc(509)] Failed to read DnsConfig.
[0217/211916.641:WARNING:dns_config_service_win.cc(509)] Failed to read DnsConfig.
[0217/211916.641:WARNING:dns_config_service_win.cc(509)] Failed to read DnsConfig.
[0217/211916.643:WARNING:dns_config_service_win.cc(509)] Failed to read DnsConfig.
[0217/211920.844:WARNING:dns_config_service_win.cc(509)] Failed to read DnsConfig.
[0217/211920.845:WARNING:dns_config_service_win.cc(509)] Failed to read DnsConfig.
[0217/211920.855:WARNING:dns_config_service_win.cc(509)] Failed to read DnsConfig.
[0217/211920.858:WARNING:dns_config_service_win.cc(509)] Failed to read DnsConfig.
[0217/211920.859:WARNING:dns_config_service_win.cc(509)] Failed to read DnsConfig.
[0217/211920.863:WARNING:dns_config_service_win.cc(509)] Failed to read DnsConfig.
[0217/211920.865:WARNING:dns_config_service_win.cc(509)] Failed to read DnsConfig.
[0217/211920.873:WARNING:dns_config_service_win.cc(509)] Failed to read DnsConfig.
[0217/211920.878:WARNING:dns_config_service_win.cc(509)] Failed to read DnsConfig.
[0217/211920.880:WARNING:dns_config_service_win.cc(509)] Failed to read DnsConfig.
[0217/211920.880:WARNING:dns_config_service_win.cc(509)] Failed to read DnsConfig.
[0217/211920.891:WARNING:dns_config_service_win.cc(509)] Failed to read DnsConfig.
[0217/211920.894:WARNING:dns_config_service_win.cc(509)] Failed to read DnsConfig.
[0217/211920.894:WARNING:dns_config_service_win.cc(509)] Failed to read DnsConfig.
[0217/211920.895:WARNING:dns_config_service_win.cc(509)] Failed to read DnsConfig.
[0218/024738.310:WARNING:dns_config_service_win.cc(509)] Failed to read DnsConfig.
[0218/024738.318:WARNING:dns_config_service_win.cc(509)] Failed to read DnsConfig.
[0218/024738.318:WARNING:dns_config_service_win.cc(509)] Failed to read DnsConfig.
[0218/024738.326:WARNING:dns_config_service_win.cc(509)] Failed to read DnsConfig.
[0218/024738.638:WARNING:dns_config_service_win.cc(509)] Failed to read DnsConfig.
[0218/024738.654:WARNING:dns_config_service_win.cc(509)] Failed to read DnsConfig.
[0218/024738.662:WARNING:dns_config_service_win.cc(509)] Failed to read DnsConfig.
[0218/024738.662:WARNING:dns_config_service_win.cc(509)] Failed to read DnsConfig.
[0218/024738.670:WARNING:dns_config_service_win.cc(509)] Failed to read DnsConfig.
[0218/024738.678:WARNING:dns_config_service_win.cc(509)] Failed to read DnsConfig.
[0218/024738.694:WARNING:dns_config_service_win.cc(509)] Failed to read DnsConfig.
[0218/024738.750:WARNING:dns_config_service_win.cc(509)] Failed to read DnsConfig.
[0218/024738.758:WARNING:dns_config_service_win.cc(509)] Failed to read DnsConfig.
[0218/024738.758:WARNING:dns_config_service_win.cc(509)] Failed to read DnsConfig.
[0218/024738.774:WARNING:dns_config_service_win.cc(509)] Failed to read DnsConfig.
[0218/024738.814:WARNING:dns_config_service_win.cc(509)] Failed to read DnsConfig.
[0218/024738.814:WARNING:dns_config_service_win.cc(509)] Failed to read DnsConfig.
[0218/024738.822:WARNING:dns_config_service_win.cc(509)] Failed to read DnsConfig.
[0218/024738.830:WARNING:dns_config_service_win.cc(509)] Failed to read DnsConfig.
[0218/024738.830:WARNING:dns_config_service_win.cc(509)] Failed to read DnsConfig.
[0218/024743.823:WARNING:dns_config_service_win.cc(509)] Failed to read DnsConfig.
[0218/024743.823:WARNING:dns_config_service_win.cc(509)] Failed to read DnsConfig.
[0218/024743.848:WARNING:dns_config_service_win.cc(509)] Failed to read DnsConfig.
[0218/024743.848:WARNING:dns_config_service_win.cc(509)] Failed to read DnsConfig.
